2023-05-24 07:17:33,655 - app - INFO - Detected more than one face for participant c64931b2-b57b-47c8-8293-edfd958aa1d6
2023-05-24 07:17:34,739 - app - INFO - Detected more than one face for participant c64931b2-b57b-47c8-8293-edfd958aa1d6
2023-05-24 07:17:47,908 - app - INFO - Detected more than one face for participant c64931b2-b57b-47c8-8293-edfd958aa1d6
2023-05-24 07:17:50,667 - app - INFO - Detected more than one face for participant c64931b2-b57b-47c8-8293-edfd958aa1d6
2023-05-24 07:17:59,129 - app - INFO - Detected more than one face for participant c64931b2-b57b-47c8-8293-edfd958aa1d6
2023-05-24 07:18:15,066 - app - INFO - Detected more than one face for participant c64931b2-b57b-47c8-8293-edfd958aa1d6
2023-05-24 07:35:21,723 - app - INFO - Detected more than one face for participant e83a28c0-56a4-4104-b6cd-f3b98e529a4e
2023-05-24 07:35:26,820 - app - INFO - Detected more than one face for participant e83a28c0-56a4-4104-b6cd-f3b98e529a4e
2023-05-24 07:35:31,758 - app - INFO - Detected more than one face for participant e83a28c0-56a4-4104-b6cd-f3b98e529a4e
2023-05-24 07:35:35,310 - app - INFO - Detected more than one face for participant e83a28c0-56a4-4104-b6cd-f3b98e529a4e
2023-05-24 07:36:35,479 - app - INFO - Detected more than one face for participant e83a28c0-56a4-4104-b6cd-f3b98e529a4e
2023-05-24 07:36:35,911 - app - INFO - Detected more than one face for participant e83a28c0-56a4-4104-b6cd-f3b98e529a4e
2023-05-24 07:36:37,029 - app - INFO - Detected more than one face for participant e83a28c0-56a4-4104-b6cd-f3b98e529a4e
2023-05-24 07:36:40,671 - app - INFO - Detected more than one face for participant e83a28c0-56a4-4104-b6cd-f3b98e529a4e
2023-05-24 07:36:42,038 - app - INFO - Detected more than one face for participant e83a28c0-56a4-4104-b6cd-f3b98e529a4e
2023-05-24 07:36:45,676 - app - INFO - Detected more than one face for participant e83a28c0-56a4-4104-b6cd-f3b98e529a4e
2023-05-24 07:36:47,043 - app - INFO - Detected more than one face for participant e83a28c0-56a4-4104-b6cd-f3b98e529a4e
2023-05-24 07:37:14,235 - app - INFO - Detected more than one face for participant e83a28c0-56a4-4104-b6cd-f3b98e529a4e
2023-05-24 07:37:14,746 - app - INFO - Detected more than one face for participant e83a28c0-56a4-4104-b6cd-f3b98e529a4e
2023-05-24 07:37:15,943 - app - INFO - Detected more than one face for participant e83a28c0-56a4-4104-b6cd-f3b98e529a4e
2023-05-24 07:41:33,497 - app - INFO - Detected more than one face for participant e83a28c0-56a4-4104-b6cd-f3b98e529a4e
2023-05-24 07:47:06,652 - app - INFO - Detected more than one face for participant 9c613586-7fde-4c5a-a440-e5cfdd78c66e
2023-05-24 07:57:48,260 - app - INFO - Detected more than one face for participant 0cfb26b8-9ade-44d0-804c-f75975ad7aba
2023-05-24 07:57:48,796 - app - INFO - Detected more than one face for participant 0cfb26b8-9ade-44d0-804c-f75975ad7aba
2023-05-24 08:00:05,121 - app - INFO - Detected more than one face for participant 44fa2f3a-c9d1-4895-9b74-f895014b56a6
2023-05-24 08:06:41,932 - app - INFO - Detected more than one face for participant 63112ec2-3ae7-402c-b282-3ea03f4bd75c
2023-05-24 08:12:25,032 - app - INFO - Detected more than one face for participant d82e5ef0-92c1-4c9d-97dc-1644e06af4a4
2023-05-24 08:12:29,994 - app - INFO - Detected more than one face for participant d82e5ef0-92c1-4c9d-97dc-1644e06af4a4
2023-05-24 08:12:35,124 - app - INFO - Detected more than one face for participant d82e5ef0-92c1-4c9d-97dc-1644e06af4a4
2023-05-24 08:12:40,061 - app - INFO - Detected more than one face for participant d82e5ef0-92c1-4c9d-97dc-1644e06af4a4
2023-05-27 05:16:52,760 - app - INFO - Detected more than one face for participant 4069ef02-c948-4937-ad17-e60245fa566a
2023-05-27 05:28:53,682 - app - INFO - Detected more than one face for participant 4069ef02-c948-4937-ad17-e60245fa566a
2023-05-27 05:29:53,739 - app - INFO - Detected more than one face for participant 4069ef02-c948-4937-ad17-e60245fa566a
2023-05-27 11:48:50,833 - app - INFO - Detected more than one face for participant 4069ef02-c948-4937-ad17-e60245fa566a
2023-05-27 11:49:20,846 - app - INFO - Detected more than one face for participant 4069ef02-c948-4937-ad17-e60245fa566a
2023-05-27 11:49:50,817 - app - INFO - Detected more than one face for participant 4069ef02-c948-4937-ad17-e60245fa566a
2023-05-28 14:32:17,566 - app - INFO - {'success': True, 'data': {'created_at': '2023-05-28T09:02:18.023Z', 'updated_at': '2023-05-28T09:02:18.023Z', 'id': 'aaa03d8b-f05c-4b4e-8212-0febd9ffd5af', 'name': 'new user', 'custom_participant_id': 'react-samples::new-user-6cc7d05', 'preset_id': '71239ddb-7338-4d94-ab9b-5f0416dd4d1d', 'token': 'eyJhbGciOiJSUzI1NiIsInR5cCI6IkpXVCJ9.eyJvcmdJZCI6IjlmOGQzMGRjLTVhNTEtNDkyYi1hOTExLTg2Mjk3MGU1M2VmNSIsIm1lZXRpbmdJZCI6ImJiYjY5M2Y1LTU2OGEtNDE3MC1hZDFiLWMzYjA4ZDQzYmJkNCIsInBhcnRpY2lwYW50SWQiOiJhYWEwM2Q4Yi1mMDVjLTRiNGUtODIxMi0wZmViZDlmZmQ1YWYiLCJwcmVzZXRJZCI6IjcxMjM5ZGRiLTczMzgtNGQ5NC1hYjliLTVmMDQxNmRkNGQxZCIsImlhdCI6MTY4NTI2NDUzOCwiZXhwIjoxNjkzOTA0NTM4fQ.ZLLqpiULQVsbQDDPyltVRaRLMD9HQNHf2xWia84vgjlv-OK4YX0Zlv7NUTJWOVuIlymsqLgW0IRlmF_lW_HeNUT27T1wqzYQvmY58WFyZRpMVE7rYlfx0qSez5tOvHDnaYxh2xVosslP8_AdXFRraZlFzzGzsEPAVY2JfHD7bo6uWMQTvMUuYvEPXKmWmkxcnnMWC6XAsfvqfBr1MCTGEZPoBY-uPw45oy5q8iu5xCiXx9za-SWB7ELMpfKpKTO0TK0nIeESymTE8DYxJlywXbyYvfAgZLno6gqLlHVy_qQcgJGP2OGmKLRr0Y_RXTNno0XlWAcqNoz695EYJndYtw'}}
2023-05-28 14:33:31,561 - app - INFO - <Response [201 Created]>
2023-05-28 14:40:45,639 - app - INFO - {'success': True, 'data': {'created_at': '2023-05-28T09:10:46.320Z', 'updated_at': '2023-05-28T09:10:46.320Z', 'id': 'aaae80ad-5332-49fc-83f7-b6c833fd83d7', 'name': 'new user', 'custom_participant_id': 'react-samples::new-user-d466ae5', 'preset_id': '71239ddb-7338-4d94-ab9b-5f0416dd4d1d', 'token': 'eyJhbGciOiJSUzI1NiIsInR5cCI6IkpXVCJ9.eyJvcmdJZCI6IjlmOGQzMGRjLTVhNTEtNDkyYi1hOTExLTg2Mjk3MGU1M2VmNSIsIm1lZXRpbmdJZCI6ImJiYjY5M2Y1LTU2OGEtNDE3MC1hZDFiLWMzYjA4ZDQzYmJkNCIsInBhcnRpY2lwYW50SWQiOiJhYWFlODBhZC01MzMyLTQ5ZmMtODNmNy1iNmM4MzNmZDgzZDciLCJwcmVzZXRJZCI6IjcxMjM5ZGRiLTczMzgtNGQ5NC1hYjliLTVmMDQxNmRkNGQxZCIsImlhdCI6MTY4NTI2NTA0NiwiZXhwIjoxNjkzOTA1MDQ2fQ.iaBNzQYwdOnD9inYiYtBasxYQH59Wp1pxQjE9tpYeN7UrDvNuQGdIaLjXCv_YQVvZRSLE45OuQLPf0voRo6Q8p5vvo38VBfEjgcUS4lNlxUqzyMcR4eJfEMWsa4gd1Koj4c0lcV4_qKj2mxWLDkjuGCxDuKRrIV6TrfYdkQMJLbWKtl_Jd-fNqFsiG68LhsxL23tftiGddwwqla3VltmaP63HbklMWa580CbSs-fpHM4y2HS6sBfZvvi-4AgBoIFk_5LfGf1iwPTqjefAN9ges622WxShwGALi2hvdwMmW-mDQU0DyNfy61CS1cmwXeV_Fh-MOilqNeFVSGyG-WpIg'}}
2023-05-28 14:42:39,194 - app - INFO - {'created_at': '2023-05-28T09:12:39.635Z', 'updated_at': '2023-05-28T09:12:39.635Z', 'id': 'aaa45b88-4e52-4c9f-ad8d-dacf564c5978', 'name': 'new user', 'custom_participant_id': 'react-samples::new-user-57783ae', 'preset_id': '71239ddb-7338-4d94-ab9b-5f0416dd4d1d', 'token': 'eyJhbGciOiJSUzI1NiIsInR5cCI6IkpXVCJ9.eyJvcmdJZCI6IjlmOGQzMGRjLTVhNTEtNDkyYi1hOTExLTg2Mjk3MGU1M2VmNSIsIm1lZXRpbmdJZCI6ImJiYjY5M2Y1LTU2OGEtNDE3MC1hZDFiLWMzYjA4ZDQzYmJkNCIsInBhcnRpY2lwYW50SWQiOiJhYWE0NWI4OC00ZTUyLTRjOWYtYWQ4ZC1kYWNmNTY0YzU5NzgiLCJwcmVzZXRJZCI6IjcxMjM5ZGRiLTczMzgtNGQ5NC1hYjliLTVmMDQxNmRkNGQxZCIsImlhdCI6MTY4NTI2NTE1OSwiZXhwIjoxNjkzOTA1MTU5fQ.qSWieVu2Li3SpivYTCD-CzZ9CUdaRQoWxsCEmuYy_Pqbq4Y5vtqRpAGXkbsKeeXLeyUfYImcrJJoCO80SDc9PzRw6LH0qqkOVQQ1uSBcBbocOtQ2-S27ZWSORcwBPDwfMNFMH2huAaw3JY0P-7cQGI3KKCwrXn-x1b2aw4asarFO6gt9bRELcJpvSPZfd-apd4TUXgQvM4H1zQSnqdT2Zh2kvbmxlQwWOYMM3j6NYHiPwRzF0T1t6WqaorxJKuqHO8JdVWPfZ0j9pAQLB_Hfx1bC7rKaLlnJL3V2fZbKwqCfcn1XqB8FNjexjNzRsAWhLlYlVd5e4zthDpJVBm0hVA'}
2023-05-28 14:43:52,602 - app - INFO - aaa325ac-ad84-4e89-af8a-0229ebb47db7
2023-05-28 15:01:40,480 - app - INFO - {'name': 'new user', 'preset_name': 'group_call_host', 'is_admin': 'true', 'client_specific_id': 'react-samples::new-user-0a6e1da'}
2023-05-28 15:02:19,517 - app - INFO - {'name': 'new user', 'preset_name': 'group_call_host', 'is_admin': 'true', 'client_specific_id': 'react-samples::new-user-439cd63'}
2023-05-28 15:03:13,541 - app - INFO - {'name': 'new user', 'preset_name': 'group_call_host', 'is_admin': 'true', 'client_specific_id': 'react-samples::new-user-e5e1916'}
2023-05-28 15:03:55,250 - app - INFO - True
2023-05-28 15:04:33,531 - app - INFO - True
2023-05-28 15:13:03,102 - app - INFO - True
2023-05-28 15:13:53,310 - app - INFO - False
2023-05-30 01:34:57,505 - app - INFO - {'success': True, 'data': {'id': 'bbb13900-7402-4673-b979-c5320c363e4b', 'title': 'Joint Entrance Examination', 'record_on_start': False, 'live_stream_on_start': False, 'status': 'ACTIVE', 'created_at': '2023-05-29T20:04:57.765Z', 'updated_at': '2023-05-29T20:04:57.765Z'}, 'token': 'jT26jTCBUmNhAK5iU8OTtlIqgxHEBo6q'}
2023-05-30 01:34:57,583 - app - INFO - {'success': True, 'data': {'id': 'bbb70e73-efc3-45bb-8697-3b2af0164b73', 'title': 'Joint Entrance Examination', 'record_on_start': False, 'live_stream_on_start': False, 'status': 'ACTIVE', 'created_at': '2023-05-29T20:04:57.835Z', 'updated_at': '2023-05-29T20:04:57.835Z'}, 'token': 'C0X6Z2OlBpyzfPYZAxJqlZJBOpzFVsAM'}
2023-05-30 01:43:38,722 - app - INFO - {'success': True, 'data': {'id': 'bbb3d996-445e-4fea-afe4-4269ba7b0184', 'title': 'Joint Entrance Examination', 'record_on_start': False, 'live_stream_on_start': False, 'status': 'ACTIVE', 'created_at': '2023-05-29T20:13:39.190Z', 'updated_at': '2023-05-29T20:13:39.190Z'}, 'token': 'HPKWWDqxq4HirFSzenCdxOpOQNKYnymk'}
2023-05-30 04:57:41,565 - app - INFO - Detected more than one face for participant d61f365c-3f17-4c27-88a7-83f7b9adf53f
2023-05-30 04:58:12,982 - app - INFO - Detected more than one face for participant d61f365c-3f17-4c27-88a7-83f7b9adf53f
2023-05-30 05:04:11,241 - app - INFO - Detected more than one face for participant d61f365c-3f17-4c27-88a7-83f7b9adf53f
2023-05-30 06:18:24,452 - app - INFO - Detected more than one face for participant 886f3364-5bd7-442c-b0ad-464d03a51a7f
2023-05-30 06:18:30,637 - app - INFO - Detected more than one face for participant 886f3364-5bd7-442c-b0ad-464d03a51a7f
2023-05-30 06:24:54,802 - app - INFO - Detected more than one face for participant 886f3364-5bd7-442c-b0ad-464d03a51a7f
2023-05-30 06:25:00,464 - app - INFO - Detected more than one face for participant 886f3364-5bd7-442c-b0ad-464d03a51a7f
2023-05-30 06:25:00,792 - app - INFO - Detected more than one face for participant 886f3364-5bd7-442c-b0ad-464d03a51a7f
